<?xml version="1.0" encoding="UTF-8"?>
<coverage generated="1562950989816" clover="3.2.0">
  <project timestamp="1562950989816" name="All files">
    <metrics statements="17" coveredstatements="15" conditionals="11" coveredconditionals="8" methods="10" coveredmethods="6" elements="38" coveredelements="29" complexity="0" loc="17" ncloc="17" packages="2" files="6" classes="6"/>
    <package name="assets">
      <metrics statements="1" coveredstatements="1" conditionals="0" coveredconditionals="0" methods="0" coveredmethods="0"/>
      <file name="icon-github.png" path="/Users/maximilianostahl/Documents/challenge-react-native/assets/icon-github.png">
        <metrics statements="1" coveredstatements="1" conditionals="0" coveredconditionals="0" methods="0" coveredmethods="0"/>
        <line num="1" count="1" type="stmt"/>
      </file>
    </package>
    <package name="components">
      <metrics statements="16" coveredstatements="14" conditionals="11" coveredconditionals="8" methods="10" coveredmethods="6"/>
      <file name="Faces.js" path="/Users/maximilianostahl/Documents/challenge-react-native/components/Faces.js">
        <metrics statements="4" coveredstatements="4" conditionals="2" coveredconditionals="2" methods="3" coveredmethods="3"/>
        <line num="8" count="2" type="stmt"/>
        <line num="10" count="2" type="cond" truecount="2" falsecount="0"/>
        <line num="13" count="2" type="stmt"/>
        <line num="15" count="2" type="stmt"/>
      </file>
      <file name="Home.js" path="/Users/maximilianostahl/Documents/challenge-react-native/components/Home.js">
        <metrics statements="5" coveredstatements="3" conditionals="0" coveredconditionals="0" methods="4" coveredmethods="1"/>
        <line num="8" count="1" type="stmt"/>
        <line num="13" count="1" type="stmt"/>
        <line num="15" count="1" type="stmt"/>
        <line num="19" count="0" type="stmt"/>
        <line num="20" count="0" type="stmt"/>
      </file>
      <file name="Img.js" path="/Users/maximilianostahl/Documents/challenge-react-native/components/Img.js">
        <metrics statements="3" coveredstatements="3" conditionals="2" coveredconditionals="1" methods="2" coveredmethods="1"/>
        <line num="5" count="2" type="stmt"/>
        <line num="6" count="2" type="cond" truecount="1" falsecount="1"/>
        <line num="8" count="2" type="stmt"/>
      </file>
      <file name="Profile.js" path="/Users/maximilianostahl/Documents/challenge-react-native/components/Profile.js">
        <metrics statements="4" coveredstatements="4" conditionals="7" coveredconditionals="5" methods="1" coveredmethods="1"/>
        <line num="7" count="1" type="stmt"/>
        <line num="12" count="1" type="stmt"/>
        <line num="13" count="1" type="cond" truecount="2" falsecount="1"/>
        <line num="15" count="1" type="stmt"/>
      </file>
      <file name="styles.js" path="/Users/maximilianostahl/Documents/challenge-react-native/components/styles.js">
        <metrics statements="0" coveredstatements="0" conditionals="0" coveredconditionals="0" methods="0" coveredmethods="0"/>
      </file>
    </package>
  </project>
</coverage>
