{"/Users/maximilianostahl/Documents/challenge-react-native/assets/icon-github.png": {"path":"/Users/maximilianostahl/Documents/challenge-react-native/assets/icon-github.png","statementMap":{"0":{"start":{"line":1,"column":0},"end":{"line":1,"column":19}}},"fnMap":{},"branchMap":{},"s":{"0":1},"f":{},"b":{},"_coverageSchema":"43e27e138ebf9cfc5966b082cf9a028302ed4184","hash":"477515a5d8b2f01febddd5bd9c564dd1fb8515f4"}
,"/Users/maximilianostahl/Documents/challenge-react-native/components/Faces.js": {"path":"/Users/maximilianostahl/Documents/challenge-react-native/components/Faces.js","statementMap":{"0":{"start":{"line":8,"column":4},"end":{"line":8,"column":17}},"1":{"start":{"line":10,"column":19},"end":{"line":10,"column":67}},"2":{"start":{"line":10,"column":25},"end":{"line":10,"column":67}},"3":{"start":{"line":13,"column":19},"end":{"line":13,"column":29}},"4":{"start":{"line":15,"column":4},"end":{"line":22,"column":6}}},"fnMap":{"0":{"name":"(anonymous_0)","decl":{"start":{"line":7,"column":2},"end":{"line":7,"column":3}},"loc":{"start":{"line":7,"column":21},"end":{"line":9,"column":3}},"line":7},"1":{"name":"(anonymous_1)","decl":{"start":{"line":10,"column":19},"end":{"line":10,"column":20}},"loc":{"start":{"line":10,"column":25},"end":{"line":10,"column":67}},"line":10},"2":{"name":"(anonymous_2)","decl":{"start":{"line":12,"column":2},"end":{"line":12,"column":3}},"loc":{"start":{"line":12,"column":11},"end":{"line":23,"column":3}},"line":12}},"branchMap":{"0":{"loc":{"start":{"line":10,"column":25},"end":{"line":10,"column":67}},"type":"binary-expr","locations":[{"start":{"line":10,"column":25},"end":{"line":10,"column":43}},{"start":{"line":10,"column":47},"end":{"line":10,"column":67}}],"line":10}},"s":{"0":2,"1":2,"2":1,"3":2,"4":2},"f":{"0":2,"1":1,"2":2},"b":{"0":[1,1]},"_coverageSchema":"43e27e138ebf9cfc5966b082cf9a028302ed4184","hash":"c8d55909b618bf8ff52fc6d1121469468220421c"}
,"/Users/maximilianostahl/Documents/challenge-react-native/components/Home.js": {"path":"/Users/maximilianostahl/Documents/challenge-react-native/components/Home.js","statementMap":{"0":{"start":{"line":8,"column":29},"end":{"line":10,"column":3}},"1":{"start":{"line":13,"column":23},"end":{"line":13,"column":44}},"2":{"start":{"line":15,"column":4},"end":{"line":23,"column":6}},"3":{"start":{"line":19,"column":29},"end":{"line":19,"column":105}},"4":{"start":{"line":19,"column":62},"end":{"line":19,"column":101}},"5":{"start":{"line":20,"column":30},"end":{"line":20,"column":38}}},"fnMap":{"0":{"name":"(anonymous_0)","decl":{"start":{"line":12,"column":2},"end":{"line":12,"column":3}},"loc":{"start":{"line":12,"column":11},"end":{"line":24,"column":3}},"line":12},"1":{"name":"(anonymous_1)","decl":{"start":{"line":19,"column":20},"end":{"line":19,"column":21}},"loc":{"start":{"line":19,"column":29},"end":{"line":19,"column":105}},"line":19},"2":{"name":"(anonymous_2)","decl":{"start":{"line":19,"column":56},"end":{"line":19,"column":57}},"loc":{"start":{"line":19,"column":62},"end":{"line":19,"column":101}},"line":19},"3":{"name":"(anonymous_3)","decl":{"start":{"line":20,"column":22},"end":{"line":20,"column":23}},"loc":{"start":{"line":20,"column":30},"end":{"line":20,"column":38}},"line":20}},"branchMap":{},"s":{"0":1,"1":1,"2":1,"3":0,"4":0,"5":0},"f":{"0":1,"1":0,"2":0,"3":0},"b":{},"_coverageSchema":"43e27e138ebf9cfc5966b082cf9a028302ed4184","hash":"59786fc3926fafe4a0e4490585b9702794259ae3"}
,"/Users/maximilianostahl/Documents/challenge-react-native/components/Img.js": {"path":"/Users/maximilianostahl/Documents/challenge-react-native/components/Img.js","statementMap":{"0":{"start":{"line":5,"column":40},"end":{"line":5,"column":55}},"1":{"start":{"line":6,"column":15},"end":{"line":6,"column":78}},"2":{"start":{"line":8,"column":2},"end":{"line":8,"column":84}},"3":{"start":{"line":8,"column":59},"end":{"line":8,"column":79}}},"fnMap":{"0":{"name":"(anonymous_0)","decl":{"start":{"line":4,"column":22},"end":{"line":4,"column":23}},"loc":{"start":{"line":4,"column":40},"end":{"line":9,"column":1}},"line":4},"1":{"name":"(anonymous_1)","decl":{"start":{"line":8,"column":53},"end":{"line":8,"column":54}},"loc":{"start":{"line":8,"column":59},"end":{"line":8,"column":79}},"line":8}},"branchMap":{"0":{"loc":{"start":{"line":6,"column":15},"end":{"line":6,"column":78}},"type":"cond-expr","locations":[{"start":{"line":6,"column":29},"end":{"line":6,"column":65}},{"start":{"line":6,"column":68},"end":{"line":6,"column":78}}],"line":6}},"s":{"0":2,"1":2,"2":2,"3":0},"f":{"0":2,"1":0},"b":{"0":[0,2]},"_coverageSchema":"43e27e138ebf9cfc5966b082cf9a028302ed4184","hash":"537ee790fe0d63a9b64bb0fe3155ee9cf6a80248"}
,"/Users/maximilianostahl/Documents/challenge-react-native/components/Profile.js": {"path":"/Users/maximilianostahl/Documents/challenge-react-native/components/Profile.js","statementMap":{"0":{"start":{"line":7,"column":29},"end":{"line":9,"column":3}},"1":{"start":{"line":12,"column":25},"end":{"line":12,"column":35}},"2":{"start":{"line":13,"column":17},"end":{"line":13,"column":88}},"3":{"start":{"line":15,"column":4},"end":{"line":36,"column":6}}},"fnMap":{"0":{"name":"(anonymous_0)","decl":{"start":{"line":11,"column":2},"end":{"line":11,"column":3}},"loc":{"start":{"line":11,"column":11},"end":{"line":37,"column":3}},"line":11}},"branchMap":{"0":{"loc":{"start":{"line":13,"column":17},"end":{"line":13,"column":88}},"type":"binary-expr","locations":[{"start":{"line":13,"column":18},"end":{"line":13,"column":37}},{"start":{"line":13,"column":41},"end":{"line":13,"column":68}},{"start":{"line":13,"column":73},"end":{"line":13,"column":88}}],"line":13},"1":{"loc":{"start":{"line":22,"column":11},"end":{"line":27,"column":11}},"type":"binary-expr","locations":[{"start":{"line":22,"column":11},"end":{"line":22,"column":22}},{"start":{"line":23,"column":12},"end":{"line":26,"column":19}}],"line":22},"2":{"loc":{"start":{"line":28,"column":11},"end":{"line":33,"column":11}},"type":"binary-expr","locations":[{"start":{"line":28,"column":11},"end":{"line":28,"column":23}},{"start":{"line":29,"column":12},"end":{"line":32,"column":19}}],"line":28}},"s":{"0":1,"1":1,"2":1,"3":1},"f":{"0":1},"b":{"0":[1,0,1],"1":[1,1],"2":[1,0]},"_coverageSchema":"43e27e138ebf9cfc5966b082cf9a028302ed4184","hash":"044dd610c483f00ceda099be139f674c2923cfce"}
,"/Users/maximilianostahl/Documents/challenge-react-native/components/styles.js": {"path":"/Users/maximilianostahl/Documents/challenge-react-native/components/styles.js","statementMap":{},"fnMap":{},"branchMap":{},"s":{},"f":{},"b":{},"_coverageSchema":"43e27e138ebf9cfc5966b082cf9a028302ed4184","hash":"565c505bb4e3d48a19ff7c6b1e5f341e68ee8c84"}
}
