TN:
SF:/Users/maximilianostahl/Documents/challenge-react-native/assets/icon-github.png
FNF:0
FNH:0
DA:1,1
LF:1
LH:1
BRF:0
BRH:0
end_of_record
TN:
SF:/Users/maximilianostahl/Documents/challenge-react-native/components/Faces.js
FN:7,(anonymous_0)
FN:10,(anonymous_1)
FN:12,(anonymous_2)
FNF:3
FNH:3
FNDA:2,(anonymous_0)
FNDA:1,(anonymous_1)
FNDA:2,(anonymous_2)
DA:8,2
DA:10,2
DA:13,2
DA:15,2
LF:4
LH:4
BRDA:10,0,0,1
BRDA:10,0,1,1
BRF:2
BRH:2
end_of_record
TN:
SF:/Users/maximilianostahl/Documents/challenge-react-native/components/Home.js
FN:12,(anonymous_0)
FN:19,(anonymous_1)
FN:19,(anonymous_2)
FN:20,(anonymous_3)
FNF:4
FNH:1
FNDA:1,(anonymous_0)
FNDA:0,(anonymous_1)
FNDA:0,(anonymous_2)
FNDA:0,(anonymous_3)
DA:8,1
DA:13,1
DA:15,1
DA:19,0
DA:20,0
LF:5
LH:3
BRF:0
BRH:0
end_of_record
TN:
SF:/Users/maximilianostahl/Documents/challenge-react-native/components/Img.js
FN:4,(anonymous_0)
FN:8,(anonymous_1)
FNF:2
FNH:1
FNDA:2,(anonymous_0)
FNDA:0,(anonymous_1)
DA:5,2
DA:6,2
DA:8,2
LF:3
LH:3
BRDA:6,0,0,0
BRDA:6,0,1,2
BRF:2
BRH:1
end_of_record
TN:
SF:/Users/maximilianostahl/Documents/challenge-react-native/components/Profile.js
FN:11,(anonymous_0)
FNF:1
FNH:1
FNDA:1,(anonymous_0)
DA:7,1
DA:12,1
DA:13,1
DA:15,1
LF:4
LH:4
BRDA:13,0,0,1
BRDA:13,0,1,0
BRDA:13,0,2,1
BRDA:22,1,0,1
BRDA:22,1,1,1
BRDA:28,2,0,1
BRDA:28,2,1,0
BRF:7
BRH:5
end_of_record
TN:
SF:/Users/maximilianostahl/Documents/challenge-react-native/components/styles.js
FNF:0
FNH:0
LF:0
LH:0
BRF:0
BRH:0
end_of_record
